  newline.cpp
C:\Users\Kyung\source\repos\opencvProject_1\opencvProject_1\newline.cpp(92,43): warning C4305:  '초기화 중': 'double'에서 'float'(으)로 잘립니다.
C:\Users\Kyung\source\repos\opencvProject_1\opencvProject_1\newline.cpp(93,43): warning C4305:  '초기화 중': 'double'에서 'float'(으)로 잘립니다.
C:\Users\Kyung\source\repos\opencvProject_1\opencvProject_1\newline.cpp(94,45): warning C4305:  '초기화 중': 'double'에서 'float'(으)로 잘립니다.
C:\Users\Kyung\source\repos\opencvProject_1\opencvProject_1\newline.cpp(95,45): warning C4305:  '초기화 중': 'double'에서 'float'(으)로 잘립니다.
C:\Users\Kyung\source\repos\opencvProject_1\opencvProject_1\newline.cpp(121,23): warning C4244:  '초기화 중': 'float'에서 'int'(으)로 변환하면서 데이터가 손실될 수 있습니다.
C:\Users\Kyung\source\repos\opencvProject_1\opencvProject_1\newline.cpp(122,24): warning C4244:  '초기화 중': 'float'에서 'int'(으)로 변환하면서 데이터가 손실될 수 있습니다.
C:\Users\Kyung\source\repos\opencvProject_1\opencvProject_1\newline.cpp(163,22): warning C4244:  '인수': 'float'에서 '_Tp'(으)로 변환하면서 데이터가 손실될 수 있습니다.
C:\Users\Kyung\source\repos\opencvProject_1\opencvProject_1\newline.cpp(163,22): warning C4244:         with
C:\Users\Kyung\source\repos\opencvProject_1\opencvProject_1\newline.cpp(163,22): warning C4244:         [
C:\Users\Kyung\source\repos\opencvProject_1\opencvProject_1\newline.cpp(163,22): warning C4244:             _Tp=int
C:\Users\Kyung\source\repos\opencvProject_1\opencvProject_1\newline.cpp(163,22): warning C4244:         ]
C:\Users\Kyung\source\repos\opencvProject_1\opencvProject_1\newline.cpp(164,63): warning C4244:  '인수': 'float'에서 '_Tp'(으)로 변환하면서 데이터가 손실될 수 있습니다.
C:\Users\Kyung\source\repos\opencvProject_1\opencvProject_1\newline.cpp(164,63): warning C4244:         with
C:\Users\Kyung\source\repos\opencvProject_1\opencvProject_1\newline.cpp(164,63): warning C4244:         [
C:\Users\Kyung\source\repos\opencvProject_1\opencvProject_1\newline.cpp(164,63): warning C4244:             _Tp=int
C:\Users\Kyung\source\repos\opencvProject_1\opencvProject_1\newline.cpp(164,63): warning C4244:         ]
C:\Users\Kyung\source\repos\opencvProject_1\opencvProject_1\newline.cpp(196,23): warning C4244:  '인수': 'float'에서 '_Tp'(으)로 변환하면서 데이터가 손실될 수 있습니다.
C:\Users\Kyung\source\repos\opencvProject_1\opencvProject_1\newline.cpp(196,23): warning C4244:         with
C:\Users\Kyung\source\repos\opencvProject_1\opencvProject_1\newline.cpp(196,23): warning C4244:         [
C:\Users\Kyung\source\repos\opencvProject_1\opencvProject_1\newline.cpp(196,23): warning C4244:             _Tp=int
C:\Users\Kyung\source\repos\opencvProject_1\opencvProject_1\newline.cpp(196,23): warning C4244:         ]
C:\Users\Kyung\source\repos\opencvProject_1\opencvProject_1\newline.cpp(198,42): warning C4244:  '인수': 'float'에서 '_Tp'(으)로 변환하면서 데이터가 손실될 수 있습니다.
C:\Users\Kyung\source\repos\opencvProject_1\opencvProject_1\newline.cpp(198,42): warning C4244:         with
C:\Users\Kyung\source\repos\opencvProject_1\opencvProject_1\newline.cpp(198,42): warning C4244:         [
C:\Users\Kyung\source\repos\opencvProject_1\opencvProject_1\newline.cpp(198,42): warning C4244:             _Tp=int
C:\Users\Kyung\source\repos\opencvProject_1\opencvProject_1\newline.cpp(198,42): warning C4244:         ]
C:\Users\Kyung\source\repos\opencvProject_1\opencvProject_1\newline.cpp(203,24): warning C4244:  '인수': 'float'에서 '_Tp'(으)로 변환하면서 데이터가 손실될 수 있습니다.
C:\Users\Kyung\source\repos\opencvProject_1\opencvProject_1\newline.cpp(203,24): warning C4244:         with
C:\Users\Kyung\source\repos\opencvProject_1\opencvProject_1\newline.cpp(203,24): warning C4244:         [
C:\Users\Kyung\source\repos\opencvProject_1\opencvProject_1\newline.cpp(203,24): warning C4244:             _Tp=int
C:\Users\Kyung\source\repos\opencvProject_1\opencvProject_1\newline.cpp(203,24): warning C4244:         ]
C:\Users\Kyung\source\repos\opencvProject_1\opencvProject_1\newline.cpp(204,65): warning C4244:  '인수': 'float'에서 '_Tp'(으)로 변환하면서 데이터가 손실될 수 있습니다.
C:\Users\Kyung\source\repos\opencvProject_1\opencvProject_1\newline.cpp(204,65): warning C4244:         with
C:\Users\Kyung\source\repos\opencvProject_1\opencvProject_1\newline.cpp(204,65): warning C4244:         [
C:\Users\Kyung\source\repos\opencvProject_1\opencvProject_1\newline.cpp(204,65): warning C4244:             _Tp=int
C:\Users\Kyung\source\repos\opencvProject_1\opencvProject_1\newline.cpp(204,65): warning C4244:         ]
C:\Users\Kyung\source\repos\opencvProject_1\opencvProject_1\newline.cpp(225,23): warning C4244:  '인수': 'float'에서 '_Tp'(으)로 변환하면서 데이터가 손실될 수 있습니다.
C:\Users\Kyung\source\repos\opencvProject_1\opencvProject_1\newline.cpp(225,23): warning C4244:         with
C:\Users\Kyung\source\repos\opencvProject_1\opencvProject_1\newline.cpp(225,23): warning C4244:         [
C:\Users\Kyung\source\repos\opencvProject_1\opencvProject_1\newline.cpp(225,23): warning C4244:             _Tp=int
C:\Users\Kyung\source\repos\opencvProject_1\opencvProject_1\newline.cpp(225,23): warning C4244:         ]
C:\Users\Kyung\source\repos\opencvProject_1\opencvProject_1\newline.cpp(227,42): warning C4244:  '인수': 'float'에서 '_Tp'(으)로 변환하면서 데이터가 손실될 수 있습니다.
C:\Users\Kyung\source\repos\opencvProject_1\opencvProject_1\newline.cpp(227,42): warning C4244:         with
C:\Users\Kyung\source\repos\opencvProject_1\opencvProject_1\newline.cpp(227,42): warning C4244:         [
C:\Users\Kyung\source\repos\opencvProject_1\opencvProject_1\newline.cpp(227,42): warning C4244:             _Tp=int
C:\Users\Kyung\source\repos\opencvProject_1\opencvProject_1\newline.cpp(227,42): warning C4244:         ]
C:\Users\Kyung\source\repos\opencvProject_1\opencvProject_1\newline.cpp(233,24): warning C4244:  '인수': 'float'에서 '_Tp'(으)로 변환하면서 데이터가 손실될 수 있습니다.
C:\Users\Kyung\source\repos\opencvProject_1\opencvProject_1\newline.cpp(233,24): warning C4244:         with
C:\Users\Kyung\source\repos\opencvProject_1\opencvProject_1\newline.cpp(233,24): warning C4244:         [
C:\Users\Kyung\source\repos\opencvProject_1\opencvProject_1\newline.cpp(233,24): warning C4244:             _Tp=int
C:\Users\Kyung\source\repos\opencvProject_1\opencvProject_1\newline.cpp(233,24): warning C4244:         ]
C:\Users\Kyung\source\repos\opencvProject_1\opencvProject_1\newline.cpp(234,65): warning C4244:  '인수': 'float'에서 '_Tp'(으)로 변환하면서 데이터가 손실될 수 있습니다.
C:\Users\Kyung\source\repos\opencvProject_1\opencvProject_1\newline.cpp(234,65): warning C4244:         with
C:\Users\Kyung\source\repos\opencvProject_1\opencvProject_1\newline.cpp(234,65): warning C4244:         [
C:\Users\Kyung\source\repos\opencvProject_1\opencvProject_1\newline.cpp(234,65): warning C4244:             _Tp=int
C:\Users\Kyung\source\repos\opencvProject_1\opencvProject_1\newline.cpp(234,65): warning C4244:         ]
  코드를 생성하고 있습니다.
  1 of 408 functions ( 0.2%) were compiled, the rest were copied from previous compilation.
    0 functions were new in current compilation
    0 functions had inline decision re-evaluated but remain unchanged
  코드를 생성했습니다.
  opencvProject_1.vcxproj -> C:\Users\Kyung\source\repos\opencvProject_1\x64\Release\opencvProject_1.exe
