c:\users\kyung\source\repos\opencvproject_1\opencvproject_1\x64\release\vc142.pdb
c:\users\kyung\source\repos\opencvproject_1\opencvproject_1\x64\release\red.obj
c:\users\kyung\source\repos\opencvproject_1\opencvproject_1\x64\release\origin.obj
c:\users\kyung\source\repos\opencvproject_1\opencvproject_1\x64\release\new_haugh.obj
c:\users\kyung\source\repos\opencvproject_1\opencvproject_1\x64\release\newline.obj
c:\users\kyung\source\repos\opencvproject_1\opencvproject_1\x64\release\main.obj
c:\users\kyung\source\repos\opencvproject_1\opencvproject_1\x64\release\line_detection.obj
c:\users\kyung\source\repos\opencvproject_1\opencvproject_1\x64\release\erode_dil.obj
c:\users\kyung\source\repos\opencvproject_1\opencvproject_1\x64\release\class.obj
c:\users\kyung\source\repos\opencvproject_1\x64\release\opencvproject_1.exe
c:\users\kyung\source\repos\opencvproject_1\x64\release\opencvproject_1.pdb
c:\users\kyung\source\repos\opencvproject_1\x64\release\opencvproject_1.ipdb
c:\users\kyung\source\repos\opencvproject_1\x64\release\opencvproject_1.iobj
c:\users\kyung\source\repos\opencvproject_1\opencvproject_1\x64\release\opencvproject_1.tlog\cl.command.1.tlog
c:\users\kyung\source\repos\opencvproject_1\opencvproject_1\x64\release\opencvproject_1.tlog\cl.read.1.tlog
c:\users\kyung\source\repos\opencvproject_1\opencvproject_1\x64\release\opencvproject_1.tlog\cl.write.1.tlog
c:\users\kyung\source\repos\opencvproject_1\opencvproject_1\x64\release\opencvproject_1.tlog\link.command.1.tlog
c:\users\kyung\source\repos\opencvproject_1\opencvproject_1\x64\release\opencvproject_1.tlog\link.read.1.tlog
c:\users\kyung\source\repos\opencvproject_1\opencvproject_1\x64\release\opencvproject_1.tlog\link.write.1.tlog
c:\users\kyung\source\repos\opencvproject_1\opencvproject_1\x64\release\opencvproject_1.tlog\opencvproject_1.write.1u.tlog
