  newline.cpp
C:\Users\Kyung\source\repos\opencvProject_1\opencvProject_1\newline.cpp(92,42): warning C4305:  '초기화 중': 'double'에서 'float'(으)로 잘립니다.
C:\Users\Kyung\source\repos\opencvProject_1\opencvProject_1\newline.cpp(93,42): warning C4305:  '초기화 중': 'double'에서 'float'(으)로 잘립니다.
C:\Users\Kyung\source\repos\opencvProject_1\opencvProject_1\newline.cpp(94,44): warning C4305:  '초기화 중': 'double'에서 'float'(으)로 잘립니다.
C:\Users\Kyung\source\repos\opencvProject_1\opencvProject_1\newline.cpp(95,44): warning C4305:  '초기화 중': 'double'에서 'float'(으)로 잘립니다.
C:\Users\Kyung\source\repos\opencvProject_1\opencvProject_1\newline.cpp(121,22): warning C4244:  '초기화 중': 'float'에서 'int'(으)로 변환하면서 데이터가 손실될 수 있습니다.
C:\Users\Kyung\source\repos\opencvProject_1\opencvProject_1\newline.cpp(122,23): warning C4244:  '초기화 중': 'float'에서 'int'(으)로 변환하면서 데이터가 손실될 수 있습니다.
C:\Users\Kyung\source\repos\opencvProject_1\opencvProject_1\newline.cpp(163,21): warning C4244:  '인수': 'float'에서 '_Tp'(으)로 변환하면서 데이터가 손실될 수 있습니다.
C:\Users\Kyung\source\repos\opencvProject_1\opencvProject_1\newline.cpp(163,21): warning C4244:         with
C:\Users\Kyung\source\repos\opencvProject_1\opencvProject_1\newline.cpp(163,21): warning C4244:         [
C:\Users\Kyung\source\repos\opencvProject_1\opencvProject_1\newline.cpp(163,21): warning C4244:             _Tp=int
C:\Users\Kyung\source\repos\opencvProject_1\opencvProject_1\newline.cpp(163,21): warning C4244:         ]
C:\Users\Kyung\source\repos\opencvProject_1\opencvProject_1\newline.cpp(164,60): warning C4244:  '인수': 'float'에서 '_Tp'(으)로 변환하면서 데이터가 손실될 수 있습니다.
C:\Users\Kyung\source\repos\opencvProject_1\opencvProject_1\newline.cpp(164,60): warning C4244:         with
C:\Users\Kyung\source\repos\opencvProject_1\opencvProject_1\newline.cpp(164,60): warning C4244:         [
C:\Users\Kyung\source\repos\opencvProject_1\opencvProject_1\newline.cpp(164,60): warning C4244:             _Tp=int
C:\Users\Kyung\source\repos\opencvProject_1\opencvProject_1\newline.cpp(164,60): warning C4244:         ]
C:\Users\Kyung\source\repos\opencvProject_1\opencvProject_1\newline.cpp(196,22): warning C4244:  '인수': 'float'에서 '_Tp'(으)로 변환하면서 데이터가 손실될 수 있습니다.
C:\Users\Kyung\source\repos\opencvProject_1\opencvProject_1\newline.cpp(196,22): warning C4244:         with
C:\Users\Kyung\source\repos\opencvProject_1\opencvProject_1\newline.cpp(196,22): warning C4244:         [
C:\Users\Kyung\source\repos\opencvProject_1\opencvProject_1\newline.cpp(196,22): warning C4244:             _Tp=int
C:\Users\Kyung\source\repos\opencvProject_1\opencvProject_1\newline.cpp(196,22): warning C4244:         ]
C:\Users\Kyung\source\repos\opencvProject_1\opencvProject_1\newline.cpp(198,41): warning C4244:  '인수': 'float'에서 '_Tp'(으)로 변환하면서 데이터가 손실될 수 있습니다.
C:\Users\Kyung\source\repos\opencvProject_1\opencvProject_1\newline.cpp(198,41): warning C4244:         with
C:\Users\Kyung\source\repos\opencvProject_1\opencvProject_1\newline.cpp(198,41): warning C4244:         [
C:\Users\Kyung\source\repos\opencvProject_1\opencvProject_1\newline.cpp(198,41): warning C4244:             _Tp=int
C:\Users\Kyung\source\repos\opencvProject_1\opencvProject_1\newline.cpp(198,41): warning C4244:         ]
C:\Users\Kyung\source\repos\opencvProject_1\opencvProject_1\newline.cpp(203,23): warning C4244:  '인수': 'float'에서 '_Tp'(으)로 변환하면서 데이터가 손실될 수 있습니다.
C:\Users\Kyung\source\repos\opencvProject_1\opencvProject_1\newline.cpp(203,23): warning C4244:         with
C:\Users\Kyung\source\repos\opencvProject_1\opencvProject_1\newline.cpp(203,23): warning C4244:         [
C:\Users\Kyung\source\repos\opencvProject_1\opencvProject_1\newline.cpp(203,23): warning C4244:             _Tp=int
C:\Users\Kyung\source\repos\opencvProject_1\opencvProject_1\newline.cpp(203,23): warning C4244:         ]
C:\Users\Kyung\source\repos\opencvProject_1\opencvProject_1\newline.cpp(204,64): warning C4244:  '인수': 'float'에서 '_Tp'(으)로 변환하면서 데이터가 손실될 수 있습니다.
C:\Users\Kyung\source\repos\opencvProject_1\opencvProject_1\newline.cpp(204,64): warning C4244:         with
C:\Users\Kyung\source\repos\opencvProject_1\opencvProject_1\newline.cpp(204,64): warning C4244:         [
C:\Users\Kyung\source\repos\opencvProject_1\opencvProject_1\newline.cpp(204,64): warning C4244:             _Tp=int
C:\Users\Kyung\source\repos\opencvProject_1\opencvProject_1\newline.cpp(204,64): warning C4244:         ]
C:\Users\Kyung\source\repos\opencvProject_1\opencvProject_1\newline.cpp(225,22): warning C4244:  '인수': 'float'에서 '_Tp'(으)로 변환하면서 데이터가 손실될 수 있습니다.
C:\Users\Kyung\source\repos\opencvProject_1\opencvProject_1\newline.cpp(225,22): warning C4244:         with
C:\Users\Kyung\source\repos\opencvProject_1\opencvProject_1\newline.cpp(225,22): warning C4244:         [
C:\Users\Kyung\source\repos\opencvProject_1\opencvProject_1\newline.cpp(225,22): warning C4244:             _Tp=int
C:\Users\Kyung\source\repos\opencvProject_1\opencvProject_1\newline.cpp(225,22): warning C4244:         ]
C:\Users\Kyung\source\repos\opencvProject_1\opencvProject_1\newline.cpp(227,41): warning C4244:  '인수': 'float'에서 '_Tp'(으)로 변환하면서 데이터가 손실될 수 있습니다.
C:\Users\Kyung\source\repos\opencvProject_1\opencvProject_1\newline.cpp(227,41): warning C4244:         with
C:\Users\Kyung\source\repos\opencvProject_1\opencvProject_1\newline.cpp(227,41): warning C4244:         [
C:\Users\Kyung\source\repos\opencvProject_1\opencvProject_1\newline.cpp(227,41): warning C4244:             _Tp=int
C:\Users\Kyung\source\repos\opencvProject_1\opencvProject_1\newline.cpp(227,41): warning C4244:         ]
C:\Users\Kyung\source\repos\opencvProject_1\opencvProject_1\newline.cpp(233,23): warning C4244:  '인수': 'float'에서 '_Tp'(으)로 변환하면서 데이터가 손실될 수 있습니다.
C:\Users\Kyung\source\repos\opencvProject_1\opencvProject_1\newline.cpp(233,23): warning C4244:         with
C:\Users\Kyung\source\repos\opencvProject_1\opencvProject_1\newline.cpp(233,23): warning C4244:         [
C:\Users\Kyung\source\repos\opencvProject_1\opencvProject_1\newline.cpp(233,23): warning C4244:             _Tp=int
C:\Users\Kyung\source\repos\opencvProject_1\opencvProject_1\newline.cpp(233,23): warning C4244:         ]
C:\Users\Kyung\source\repos\opencvProject_1\opencvProject_1\newline.cpp(234,64): warning C4244:  '인수': 'float'에서 '_Tp'(으)로 변환하면서 데이터가 손실될 수 있습니다.
C:\Users\Kyung\source\repos\opencvProject_1\opencvProject_1\newline.cpp(234,64): warning C4244:         with
C:\Users\Kyung\source\repos\opencvProject_1\opencvProject_1\newline.cpp(234,64): warning C4244:         [
C:\Users\Kyung\source\repos\opencvProject_1\opencvProject_1\newline.cpp(234,64): warning C4244:             _Tp=int
C:\Users\Kyung\source\repos\opencvProject_1\opencvProject_1\newline.cpp(234,64): warning C4244:         ]
  opencvProject_1.vcxproj -> C:\Users\Kyung\source\repos\opencvProject_1\x64\Debug\opencvProject_1.exe
